20240304	16:55:11	0e51cca1-12b1-45e8-9775-3fcf60ec942c	GET	/posts	http://localhost:3000
20240304	16:55:42	06407ad9-0502-4b96-9096-9588e0784aa2	POST	/auth	undefined
20240304	16:55:42	8d80ec6d-3c98-4593-9b7f-de9d968d4ea2	GET	/posts	http://localhost:3000
20240304	16:55:51	09a716be-a174-45a2-8dfe-557b0af3aac2	GET	/posts	undefined
20240304	16:56:03	e1894504-d6f9-479b-b95c-825eafbd998b	GET	/posts	http://localhost:3000
20240304	16:56:05	66323de2-86c0-452d-b213-101df60dea22	GET	/posts	http://localhost:3000
20240304	16:56:21	2b470245-0ac8-43f8-832a-cc711c1277d6	GET	/posts	http://localhost:3000
20240304	16:56:23	e7d67db3-8e42-49b8-885d-9e298c0c913e	GET	/posts	http://localhost:3000
20240304	16:56:31	d4c7a17e-652a-4006-8fa5-59b799ba00dc	GET	/posts	http://localhost:3000
20240304	16:56:31	28756447-5ded-426d-89d6-6ecda4b75b99	GET	/posts	http://localhost:3000
20240304	16:56:33	326230f2-34bd-47a1-b232-0ef5ff4a1160	GET	/posts	http://localhost:3000
20240304	16:56:35	1fe44542-d465-405a-9e0a-538302a5ce7d	PATCH	/posts	http://localhost:3000
20240304	16:56:35	2f708087-5389-46bf-8be7-18fe9c7e9925	GET	/posts	http://localhost:3000
20240304	16:56:36	d5958415-7ca3-4500-9d3b-70cc7338eb56	PATCH	/posts	http://localhost:3000
20240304	16:56:37	5e0cb938-8ec0-4d9d-b46a-fa9c08bc7da6	GET	/posts	http://localhost:3000
20240304	16:56:37	16a719c6-ca94-4e44-9be3-71c9e6291d86	PATCH	/posts	http://localhost:3000
20240304	16:56:37	b9ad8201-5d94-4c12-8edd-7210675eba43	GET	/posts	http://localhost:3000
20240304	16:56:41	9be0da52-dbfa-4a30-8196-70285955bc08	GET	/posts	undefined
20240304	16:56:47	012d6fba-e75d-44a8-8571-c931ce551719	GET	/posts	http://localhost:3000
20240304	16:56:50	4860518f-fbc2-4522-85bf-4ede8cdad4bc	GET	/posts	http://localhost:3000
20240304	16:57:21	da4893e8-fe18-42c5-94f5-e627596e4069	GET	/posts	http://localhost:3000
20240304	16:57:27	86291b98-4390-412d-aca2-c1be10849619	GET	/posts	http://localhost:3000
20240304	16:57:27	9f328d5d-c937-411e-b4e0-243fb23c17de	GET	/posts	http://localhost:3000
20240304	16:57:58	27b24818-b59c-4b0b-9886-1de2f22aede2	GET	/posts	http://localhost:3000
20240304	16:58:29	f79d18d2-569a-4582-a756-0417831d5c62	GET	/posts	http://localhost:3000
20240304	16:59:00	e3477806-dfa0-4331-8a6b-a9a7a6bb4ecb	GET	/posts	http://localhost:3000
20240304	16:59:31	cadca0a4-7bd5-41c3-9f26-633c5967a7a7	GET	/posts	http://localhost:3000
20240304	17:00:03	dc5ab821-e96e-4ea0-a997-258a19bada20	GET	/posts	http://localhost:3000
20240304	17:00:34	9f9b107a-f122-4c6e-a0ea-fd33f4a65006	GET	/posts	http://localhost:3000
20240304	17:01:05	f14e182c-bc94-4910-b668-a7879e0c26c5	GET	/posts	http://localhost:3000
20240304	17:01:36	ea58b763-bd6e-489c-bace-3e39a8e70b21	GET	/posts	http://localhost:3000
20240304	17:02:07	76dc3769-39a8-44c5-9180-15b5c30cf225	GET	/posts	http://localhost:3000
20240304	17:02:38	64d03920-a062-46f5-82e4-d9b06d19372e	GET	/posts	http://localhost:3000
20240304	17:03:09	49033e89-d90b-484d-af26-05efdc88c18d	GET	/posts	http://localhost:3000
20240304	17:03:40	f45b2212-7995-411c-b247-94256f8a8e4e	GET	/posts	http://localhost:3000
20240304	17:04:11	05b8b0bd-4da3-4004-bc9d-84e501de56d4	GET	/posts	http://localhost:3000
20240304	17:04:42	fb817f11-554e-4576-b873-6568d5f06c30	GET	/posts	http://localhost:3000
20240304	17:05:13	81c6a6d9-7abf-4f5c-b692-7890e31a1092	GET	/posts	http://localhost:3000
20240304	17:05:44	741b6a87-077f-40e5-a049-e161262079cc	GET	/posts	http://localhost:3000
20240304	17:06:15	6a580a12-334f-47d3-99fd-f2268f60dacc	GET	/posts	http://localhost:3000
20240304	17:06:46	30236c57-c93f-40a1-839d-64a801fcdbe8	GET	/posts	http://localhost:3000
20240304	17:07:17	be065084-a1cd-470e-805a-d301f44de2ae	GET	/posts	http://localhost:3000
20240304	17:07:17	05dfbb3c-cfd3-4d86-b016-84b4cf82f68a	GET	/auth/refresh	http://localhost:3000
20240304	17:07:17	b7636ae7-5689-4584-a51a-3dee88d86b51	GET	/posts	http://localhost:3000
20240304	17:07:48	e1ffeeb6-176b-45fb-b619-2cefda228675	GET	/posts	http://localhost:3000
20240304	17:08:19	cfc9942b-ad1c-4620-863a-66bf3c922ec7	GET	/posts	http://localhost:3000
20240304	17:08:19	df2137a1-1bd3-40ad-b5e8-1b22b3275c0e	GET	/posts	http://localhost:3000
20240304	17:08:21	b532b0dc-c740-47d6-a4c3-205010920f16	POST	/auth/logout	http://localhost:3000
20240304	17:08:33	c7d8c420-a7e9-4e52-ae07-b2e9e48eebc5	POST	/auth	http://localhost:3000
20240304	17:08:33	9da4818e-b135-45dc-b01d-9c4d5945adca	GET	/posts	http://localhost:3000
20240304	17:08:33	34610e4c-8c5a-4281-a944-4f18c88ff34d	GET	/users	http://localhost:3000
20240304	17:08:37	a5709810-b442-4075-a15c-48a65e73bcdd	PATCH	/posts	http://localhost:3000
20240304	17:08:38	dd2048fc-3c89-49e0-9bac-8818913883ea	GET	/posts	http://localhost:3000
20240304	17:08:39	1324773f-4a07-42f5-8806-89ea07bc813d	PATCH	/posts	http://localhost:3000
20240304	17:08:40	5447a585-f9b8-4c4f-9493-49dd451ce073	GET	/posts	http://localhost:3000
20240304	17:08:43	70302ff1-60e7-493f-85c2-264f18b25338	PATCH	/posts	http://localhost:3000
20240304	17:08:43	3173befd-60a9-4454-a1b9-80291db813e4	GET	/posts	http://localhost:3000
20240304	17:08:44	8f48acc4-210a-4a13-b132-95b613702ec6	PATCH	/posts	http://localhost:3000
20240304	17:08:44	65d38929-aab9-45a8-bcd5-406d3bed22b3	GET	/posts	http://localhost:3000
20240304	17:09:15	84bdf03a-dd2b-457b-8245-97f2d9d588f2	GET	/posts	http://localhost:3000
20240304	17:09:46	8b960807-8e40-4089-bcd8-ee7fa0202e4b	GET	/posts	http://localhost:3000
20240304	17:10:17	d97f3a85-3ee1-4d4b-b51f-5ae6f5cd20a4	GET	/posts	http://localhost:3000
20240304	17:10:48	429d2b93-e1a0-4587-9a57-81bdbff99ad7	GET	/posts	http://localhost:3000
20240304	17:11:19	0f4ff0bf-43d4-4e15-8d1b-e0babffb695d	GET	/posts	http://localhost:3000
20240304	17:11:50	efdc469c-26b0-4be6-a220-66d5cacaf072	GET	/posts	http://localhost:3000
20240304	17:12:26	7a5c8fe1-0fea-4915-be25-6762cabe7438	GET	/posts	http://localhost:3000
20240304	17:12:51	0dff0b5e-941e-499b-9a71-d5435142a984	GET	/posts	http://localhost:3000
20240304	17:12:54	dde1ca01-3c96-42d2-85c2-26b18289378f	POST	/auth/logout	http://localhost:3000
20240304	17:13:03	10b3d710-b7e7-401d-bfc8-9935f4a5b33b	POST	/auth	http://localhost:3000
20240304	17:13:03	e0816493-9851-40f1-b9e0-25a830a2d006	GET	/posts	http://localhost:3000
20240304	17:13:03	864a0a3d-2211-485b-a748-039bab76686e	GET	/users	http://localhost:3000
20240304	17:13:16	aa8c74f1-7e60-46b8-baeb-8bed9ffd634e	GET	/posts	http://localhost:3000
20240304	17:13:30	743a1915-2260-4d33-b3ef-c4389979ba0f	GET	/posts	http://localhost:3000
20240304	17:13:34	113e61a7-6538-4bc9-9c33-c8744dc4c2d2	PATCH	/posts	http://localhost:3000
20240304	17:13:35	30b8a52a-e43f-44dc-9ea7-72b55007bb18	GET	/posts	http://localhost:3000
20240304	17:13:38	715e3ab2-2e33-47d0-be19-5fd42666bae1	PATCH	/posts	http://localhost:3000
20240304	17:13:39	57a201ad-5903-4b21-9f7f-b556ef04ca1e	GET	/posts	http://localhost:3000
20240304	17:13:41	6a10e7b9-4015-4269-abff-36e667457b44	PATCH	/posts	http://localhost:3000
20240304	17:13:41	7126d9a6-4d7e-4926-a9c9-82354c94e43a	GET	/posts	http://localhost:3000
20240304	17:13:42	b108c1af-8eea-4c9d-9952-bce3bff084f1	PATCH	/posts	http://localhost:3000
20240304	17:13:42	04bf2f8c-8e74-4805-bb43-6f42fed090d5	GET	/posts	http://localhost:3000
20240304	17:14:13	4188ecf3-0380-4f6b-ba22-4a4026087688	GET	/posts	http://localhost:3000
20240304	17:14:44	6ec0d527-2092-43e4-81b9-b33c8a2c8cd5	GET	/posts	http://localhost:3000
20240304	17:15:15	2024060a-7695-4f4f-8a65-2852a46289ef	GET	/posts	http://localhost:3000
20240304	17:15:46	189e064f-df93-49a0-840c-6a48b70fd11b	GET	/posts	http://localhost:3000
20240304	17:16:17	5069d066-9a11-4f65-a086-d68db41acb2e	GET	/posts	http://localhost:3000
20240304	17:17:13	a22da538-e6c4-4afd-b8fc-ba36d4071081	POST	/auth	http://localhost:3000
20240304	17:17:13	e165a026-b619-4165-b44b-728d7ef0de99	GET	/posts	http://localhost:3000
20240304	17:17:13	a9518e6f-13b1-4902-90e1-59de8b11c14c	GET	/users	http://localhost:3000
20240304	17:19:16	b7404fd5-8a27-4666-9c7a-10d24095c7a2	GET	/posts	http://localhost:3000
20240304	17:19:16	bf462bdb-d81f-4d8f-8795-aeab3e02309b	GET	/users	http://localhost:3000
20240304	17:19:17	07663e14-41c3-4772-91d9-a573435434f1	GET	/posts	http://localhost:3000
20240304	17:19:47	99c1f455-e5d9-4df2-8673-c97ec0f0829c	GET	/posts	http://localhost:3000
20240304	17:20:18	857d2fba-3093-4640-9b4f-e77c33e6c211	GET	/posts	http://localhost:3000
20240304	17:20:21	d129ce44-ff01-4ebd-b533-233eba01999f	GET	/posts	http://localhost:3000
20240304	17:20:22	3d9b2da9-c204-418c-92d9-e757b01ea51d	POST	/auth/logout	http://localhost:3000
20240304	17:20:32	e4b11cf1-23d6-4302-82e2-bec9e9e2e5f9	POST	/auth	http://localhost:3000
20240304	17:20:32	72656b22-059c-463b-9d45-5c84e9e731fe	GET	/posts	http://localhost:3000
20240304	17:20:32	4d609068-ac8a-4111-9659-667c7a736fcc	GET	/users	http://localhost:3000
20240304	17:20:36	849ca241-80bd-484a-ab00-f337bd1425e2	PATCH	/posts	http://localhost:3000
20240304	17:20:37	6cdd23aa-7b8c-4cf2-bb84-5576c84e7158	GET	/posts	http://localhost:3000
20240304	17:20:37	0d3a8c15-02b4-4b5a-a8e1-2b6df9bc4378	PATCH	/posts	http://localhost:3000
20240304	17:20:37	24565b5b-498d-4087-b8e8-2c84197e203d	GET	/posts	http://localhost:3000
20240304	17:20:39	dfe55722-fa12-475a-9b2f-7e4951a4fc1c	PATCH	/posts	http://localhost:3000
20240304	17:20:39	db800ac4-ea3e-4e84-b213-199a3376c4db	GET	/posts	http://localhost:3000
20240304	17:20:40	2b59932c-ac34-4c4c-8abc-77a4d2b02d5b	PATCH	/posts	http://localhost:3000
20240304	17:20:40	7b0aa3c3-5850-41a7-b35b-3535d8eae0d0	GET	/posts	http://localhost:3000
20240304	17:21:11	746e3dac-3156-410b-8dda-1a9f2a5495a2	GET	/posts	http://localhost:3000
20240304	17:21:42	4c46752a-9c83-4a1e-97ec-7e36d4a6f872	GET	/posts	http://localhost:3000
20240304	17:22:13	16b7db12-0b04-498e-9c35-d6e1ceb5850e	GET	/posts	http://localhost:3000
20240304	17:22:44	6072f265-5865-4ac9-aad3-5ac391ba1618	GET	/posts	http://localhost:3000
20240304	17:23:15	c4a43a6c-6b15-4074-9784-b0773a293e3d	GET	/posts	http://localhost:3000
20240304	17:23:46	ca05108d-0303-4c48-8209-307ac424b4c3	GET	/posts	http://localhost:3000
20240304	17:23:51	c522566e-58f4-4b70-9fec-13aa4c40ff56	GET	/posts	http://localhost:3000
20240304	17:23:53	8e986084-870f-4829-a3e1-d0700662b337	POST	/auth/logout	http://localhost:3000
20240304	17:24:02	140059ae-15b9-4269-aebe-b6089b2803f0	POST	/auth	http://localhost:3000
20240304	17:24:03	ca7dd99c-1dda-4cac-9edb-863e652e3039	GET	/posts	http://localhost:3000
20240304	17:24:03	d1dd043f-30e2-40be-9d9e-8a54f861f512	GET	/users	http://localhost:3000
20240304	17:24:06	5869087b-d62b-4086-9191-3dad2d7b228f	PATCH	/posts	http://localhost:3000
20240304	17:24:06	a6b3f3a3-47ea-48da-a17a-8118aabf9a0b	GET	/posts	http://localhost:3000
20240304	17:24:10	20f61026-3276-42a7-ade3-d5a3e48935d1	PATCH	/posts	http://localhost:3000
20240304	17:24:10	74ef8994-4f37-455a-aba4-ca1f9996a350	GET	/posts	http://localhost:3000
20240304	17:24:41	ae1d6b29-fd27-411e-8e87-2753601c2cc6	GET	/posts	http://localhost:3000
20240304	17:24:50	042530b8-8634-48c5-9237-1905d247c4e1	GET	/posts	http://localhost:3000
20240304	17:24:58	624b4501-1c14-442f-85e8-ad1cd79cd84f	GET	/posts	http://localhost:3000
20240304	17:25:29	c2c91f14-1094-43b1-be9b-0c98bc9ab819	GET	/posts	http://localhost:3000
20240304	17:26:00	25b8b72f-ee2f-4700-b194-44518e419db3	GET	/posts	http://localhost:3000
20240304	17:26:06	d933f184-7c83-4e5a-9861-5af6f2ef9e02	GET	/posts	http://localhost:3000
20240304	17:26:11	e2298e95-39a0-4bc9-9c5f-e3630d88e8be	GET	/posts	http://localhost:3000
20240304	17:26:17	bde2eedc-5a8c-4856-939a-03c8e2b5c121	GET	/posts	http://localhost:3000
20240304	17:26:19	9c6352df-1425-44ec-b292-b6f77c0657de	POST	/auth/logout	http://localhost:3000
20240304	17:26:29	63ac4bcc-2595-4b30-a49f-cb66d5556980	POST	/auth	http://localhost:3000
20240304	17:26:29	98f0403b-2425-40da-ac05-57ad30b45d3d	GET	/posts	http://localhost:3000
20240304	17:26:29	4e8ebfd5-2651-4b20-a03b-674d1f7a8eba	GET	/users	http://localhost:3000
20240304	17:26:37	db0aa37f-d752-4621-b438-ae1c4ff58557	GET	/posts	http://localhost:3000
20240304	17:26:46	99318f36-9d1f-4ee2-9633-3a37be2c2e8f	GET	/posts	http://localhost:3000
20240304	17:27:17	4206ea90-e743-48f4-8603-6c93f8b9bfba	GET	/posts	http://localhost:3000
20240304	17:27:48	1b202525-d909-49ee-82af-2d08e7290bb6	GET	/posts	http://localhost:3000
20240304	17:28:19	61ac9dc6-14e3-4a89-a5b2-87f5dc6901c6	GET	/posts	http://localhost:3000
20240304	17:28:33	3a268dc8-88c8-44f5-8a01-6466d88d51d5	GET	/posts	http://localhost:3000
20240304	17:28:35	8f1cff0b-f16b-4db6-b6e3-72e8fa1e1d30	PATCH	/posts	http://localhost:3000
20240304	17:28:35	3b1eb836-ccbd-4f63-95ee-c06fc3ee179e	GET	/posts	http://localhost:3000
20240304	17:28:52	434d60cd-6644-4423-9532-e72c1aafb72b	GET	/posts	http://localhost:3000
20240304	17:29:22	2732c872-715c-4948-be08-e106f3e794d5	GET	/posts	http://localhost:3000
20240304	17:29:53	b33264ff-be94-4c34-a8ee-e7f4e54e8a46	GET	/posts	http://localhost:3000
20240304	17:30:23	1b3f8ad3-dda0-4497-a67b-4e80a5b20a27	GET	/posts	http://localhost:3000
20240304	17:30:53	ae01dc9b-7a11-4888-8b6d-fa0e60c09ae8	GET	/posts	http://localhost:3000
20240304	17:31:24	d022d112-9295-4c2a-90e0-9dc273d1cdb4	GET	/posts	http://localhost:3000
20240304	17:31:54	051f0aa8-4f5c-4b62-9bd5-cc929b4e0c71	GET	/posts	http://localhost:3000
20240304	17:35:30	9d29d9b5-4236-4db0-a2e3-94fcf69853ee	GET	/posts	http://localhost:3000
20240304	17:35:31	95c72a02-2012-404d-9d24-363838a3924d	GET	/posts	http://localhost:3000
20240304	17:36:02	c56fa02c-c923-4454-bb28-67edb8c768be	GET	/posts	http://localhost:3000
20240304	17:36:33	3b2f5a2d-f80a-4bda-a1a3-d707d408a4d7	GET	/posts	http://localhost:3000
20240304	17:36:35	efc9c43e-89b6-4e59-b18f-771d776b827e	GET	/posts	http://localhost:3000
20240304	17:36:40	e0656042-4707-462c-ad7b-c5ad1dec367e	GET	/posts	http://localhost:3000
20240304	17:36:40	764ab958-415d-45d6-bb53-fd693a5b724c	POST	/auth/logout	http://localhost:3000
20240304	17:37:07	3486487b-ed3f-446c-973a-c7c10a600dd1	POST	/auth	http://localhost:3000
20240304	17:37:07	a0b38662-cb87-4cae-97eb-d1aec225778c	GET	/posts	http://localhost:3000
20240304	17:37:07	115bf932-2e4e-48fb-aac1-ffcd1f7711c3	GET	/users	http://localhost:3000
20240304	17:37:38	98935c76-c6e1-42ae-8e79-d2340a789692	GET	/posts	http://localhost:3000
20240304	17:37:53	bd459799-e668-4d1c-a7b4-cc7276cf86de	GET	/posts	http://localhost:3000
20240304	17:38:04	d9c69715-13ef-4aeb-94c3-a4c4f4d55c56	GET	/posts	http://localhost:3000
20240304	17:38:14	485a0af7-0712-4795-8a8f-635899bf34be	GET	/posts	http://localhost:3000
20240304	17:38:45	a3b281aa-724c-41e8-b811-00aab0e09352	GET	/posts	http://localhost:3000
20240304	17:38:49	4d8fe4ba-6a56-4c3f-b70d-093d889d17b8	GET	/posts	http://localhost:3000
20240304	17:38:55	320411f3-ee33-45b7-8648-a564440ce7ab	GET	/posts	http://localhost:3000
20240304	17:38:56	725dd80c-862c-47db-bdf4-627cfce2dd78	POST	/auth/logout	http://localhost:3000
20240304	17:39:12	d91de504-90a2-400a-822f-cd14116d7a87	POST	/auth	http://localhost:3000
20240304	17:39:13	ab423cbb-446e-43a8-9548-7ce72f232c4d	GET	/posts	http://localhost:3000
20240304	17:39:13	d38b4d8d-71a1-429b-bf4e-0afde534c9f3	GET	/users	http://localhost:3000
20240304	17:39:19	db16d7ae-1970-4ea6-bd73-93fb0b6af122	POST	/auth/logout	http://localhost:3000
20240304	17:39:44	763c6396-fc46-4d62-927b-7e30e3c03885	POST	/auth	http://localhost:3000
20240304	17:39:45	31057c84-75fe-4e13-9856-8336da3bc9d4	GET	/posts	http://localhost:3000
20240304	17:39:45	a179c1a2-52a9-475e-8cf3-6ffb4309e72e	GET	/users	http://localhost:3000
20240304	17:39:50	637fd33d-fd7b-4a5e-bc55-a559259debe5	GET	/posts	http://localhost:3000
20240304	17:39:52	c8f51ec1-efea-4591-bc41-ab593fe47ee4	PATCH	/posts	http://localhost:3000
20240304	17:39:52	169fcadb-a91c-4644-8d75-5c96ff1f686c	GET	/posts	http://localhost:3000
20240304	17:39:56	53f22db0-09e6-4ac1-ad3c-155745785cab	PATCH	/posts	http://localhost:3000
20240304	17:39:57	8f583dfc-2948-458e-ab84-7e7a2c42abc2	GET	/posts	http://localhost:3000
20240304	17:40:28	6be87577-1653-4cfd-b93e-38e7dc4e7da8	GET	/posts	http://localhost:3000
20240304	17:40:35	4e526818-133f-4659-8ce2-3d4f8418893a	GET	/posts	http://localhost:3000
20240304	17:41:06	2d65fd76-ecef-40e9-af7a-5d72f97534d4	GET	/posts	http://localhost:3000
20240304	17:41:37	41f968ed-85f5-4046-a647-02ffaeeaf085	GET	/posts	http://localhost:3000
20240304	17:41:45	2f34023f-3856-4e26-8d74-0fe2918df83c	GET	/posts	http://localhost:3000
20240304	17:42:16	026072cc-d6f5-45c2-a895-e7aedb9985e9	GET	/posts	http://localhost:3000
20240304	17:42:47	eb8d644b-dba7-4f44-8de6-e70edc122a5e	GET	/posts	http://localhost:3000
20240304	17:43:18	293f3f46-08b2-4d9f-93ba-5b02249078e8	GET	/posts	http://localhost:3000
20240304	17:43:49	30002121-8eac-492d-8263-9228983a7e50	GET	/posts	http://localhost:3000
20240304	17:44:20	5aa18318-ccdf-4010-af30-60f7886bb324	GET	/posts	http://localhost:3000
20240304	17:44:51	ae674a1b-5e6a-404d-af50-01a1e59ccdce	GET	/posts	http://localhost:3000
20240304	17:45:06	a8ef1aad-4b75-4a48-940a-99bb3a82f015	GET	/posts	http://localhost:3000
20240304	17:45:22	da9a5e66-3e28-4871-abf8-d1a3d0d37e3f	GET	/posts	http://localhost:3000
20240304	17:45:32	a928d84a-91b3-4f52-aaf4-1ff24248465f	GET	/posts	http://localhost:3000
20240304	17:46:03	c3171261-e67a-4e71-8e8a-24060434b437	GET	/posts	http://localhost:3000
20240304	17:46:09	dfcc2afa-93a7-4d30-8336-8a96e292f6b3	GET	/posts	http://localhost:3000
20240304	17:46:13	76b8b424-4705-48ab-bf44-9254b02a2b4d	GET	/posts	http://localhost:3000
20240304	17:46:21	e02a01d3-ba5b-4f2d-b493-8f6841c86429	GET	/posts	http://localhost:3000
20240304	17:46:52	94fd8520-0483-4225-8b24-fb88b7918ac1	GET	/posts	http://localhost:3000
20240304	17:47:19	61677927-dea3-4be1-b062-b3f0518d5187	GET	/posts	http://localhost:3000
20240304	17:47:26	4e992eaf-8fa1-4953-ad7e-cf77b4ad3ee7	GET	/posts	http://localhost:3000
20240304	17:47:28	da408fca-e3f0-44bb-a195-afd8b8abc4c2	GET	/posts	http://localhost:3000
20240304	17:47:28	b8411298-dff3-47bc-9504-02a5b9a007ad	PATCH	/posts	http://localhost:3000
20240304	17:47:28	7cb9c1b1-1042-4a81-9b50-4a27c579550b	GET	/posts	http://localhost:3000
20240304	17:47:33	a4126c19-bc74-473e-81c5-ed066d15d3d3	PATCH	/posts	http://localhost:3000
20240304	17:47:34	8eec54f1-1147-46f1-aa67-892e3585358d	GET	/posts	http://localhost:3000
20240304	17:47:37	f589fcda-7acd-44dc-bb19-edc1f9817b1e	PATCH	/posts	http://localhost:3000
20240304	17:47:38	9d084bf9-3b62-4732-8b82-4f2cf7c3e267	GET	/posts	http://localhost:3000
20240304	17:48:00	8e06a46c-4c0e-4c96-9121-428235b72b94	GET	/posts	http://localhost:3000
20240304	17:48:04	1e1f3833-ffea-4492-bed0-95cfc311e715	POST	/auth/logout	http://localhost:3000
20240304	17:48:12	ca57cc74-6e7c-47fb-903f-496e3cf0686b	POST	/auth	http://localhost:3000
20240304	17:48:12	89b7de07-a307-4c57-a12b-6bc98735a25c	GET	/posts	http://localhost:3000
20240304	17:48:12	23b9bcbb-295e-461f-acdb-3056128afdf0	GET	/users	http://localhost:3000
20240304	17:48:15	31aa6e45-2878-4a52-be6a-9135af101e8a	PATCH	/posts	http://localhost:3000
20240304	17:48:15	46bc8659-aa31-46e0-8c8e-055a40417662	GET	/posts	http://localhost:3000
20240304	17:48:18	c73fbde7-01d2-44e4-8b62-16591dfbe3fd	PATCH	/posts	http://localhost:3000
20240304	17:48:18	9f7e580e-0799-4be9-921a-2cb949625137	GET	/posts	http://localhost:3000
20240304	17:48:36	c9b66a59-1f02-4076-9b53-ba6760d2747c	GET	/posts	http://localhost:3000
20240304	17:48:43	06c174bc-d671-428b-8850-663ef85f015a	GET	/users	http://localhost:3000
20240304	17:48:45	1a8d7083-5355-4f31-9b19-f58a89783108	GET	/posts	http://localhost:3000
20240304	17:48:49	619b99ba-608e-4194-a446-1f02d59781ca	GET	/posts	http://localhost:3000
20240304	17:49:20	9b5c4a50-ccdc-46e7-8623-dd47a8ed7e68	GET	/posts	http://localhost:3000
20240304	17:49:42	fa8af38a-2cf6-4a9d-a1e4-d7c90b25a9a7	GET	/posts	http://localhost:3000
20240304	17:49:43	c51f33f7-ae94-43cc-a4d4-a9af20a0e7ef	GET	/posts	http://localhost:3000
20240304	17:50:14	f7cfc9cf-248c-43f4-b850-5267180bf2d8	GET	/posts	http://localhost:3000
20240304	17:50:24	9782bde6-e1e3-44dc-9e66-0b6c397d20ba	GET	/posts	http://localhost:3000
20240304	17:50:55	af0846e4-543b-4b6e-8d9d-f12a70dae4da	GET	/posts	http://localhost:3000
20240304	19:46:27	b23a6bfa-b2d7-453a-977d-4dba47897af5	POST	/auth	http://localhost:3000
20240304	19:46:27	73c7dde7-971f-444b-be1a-b42b53db1fe4	GET	/posts	http://localhost:3000
20240304	19:46:27	ed1c1d71-dc33-4b84-9923-86b2c7ce52c3	GET	/users	http://localhost:3000
20240304	19:46:59	960d1eea-b442-40b7-97d1-7cc7adedad87	GET	/posts	http://localhost:3000
20240304	19:47:08	50668851-8bca-4482-9b61-cd33442d40cb	GET	/posts	http://localhost:3000
20240304	19:47:11	1f6073fb-5ec2-4ddb-9934-a0285617c4db	PATCH	/posts	http://localhost:3000
20240304	19:47:11	3db0d84c-a2c7-4148-9c68-1368d8222dce	GET	/posts	http://localhost:3000
20240304	19:47:11	40a22f66-92ef-4d68-8f91-0cfab8cbd18e	PATCH	/posts	http://localhost:3000
20240304	19:47:12	135dd35f-13b8-4d8d-8827-26c24952cd55	GET	/posts	http://localhost:3000
20240304	19:47:14	9335fde5-85cc-4764-b8ff-7970e80253f8	PATCH	/posts	http://localhost:3000
20240304	19:47:14	ea42feac-3eed-4489-bf30-ab341c50fd69	GET	/posts	http://localhost:3000
20240304	19:47:16	a21b27f3-944d-4127-82b8-9911eea4ae96	PATCH	/posts	http://localhost:3000
20240304	19:47:16	6faa47c7-2c1f-4eaf-aa27-701fd60703f8	GET	/posts	http://localhost:3000
20240304	19:47:19	02ef581c-6ebc-415b-9ef0-f8724ab8d9c3	PATCH	/posts	http://localhost:3000
20240304	19:47:19	781bf1b3-ea4a-4027-bc89-1e63ffaf1fb9	GET	/posts	http://localhost:3000
20240304	19:47:21	f29d1292-4ac8-4c99-a599-1fb565643f92	PATCH	/posts	http://localhost:3000
20240304	19:47:21	afc50489-4bf2-41a2-ab07-d167deeb91bc	GET	/posts	http://localhost:3000
20240304	19:47:23	9c22d56e-73d7-475a-84d4-6312f95042a6	PATCH	/posts	http://localhost:3000
20240304	19:47:24	9815eecd-d343-4a96-a21a-d5c1d702ce08	GET	/posts	http://localhost:3000
20240304	19:47:55	c1095372-47f9-43cf-8c38-9091641bdc89	GET	/posts	http://localhost:3000
20240304	19:48:14	b7d2b855-b68f-406f-863c-d1418384b671	GET	/posts	http://localhost:3000
20240304	19:48:42	23bccf5d-ff33-4d38-99ba-c8ccb495b329	GET	/posts	http://localhost:3000
20240304	19:48:59	cc6c3fdc-4ed6-46a1-a0eb-9eb5b966c755	GET	/posts	http://localhost:3000
20240304	19:49:06	6272f27e-b609-4b3a-a459-afa6458e0170	GET	/posts	http://localhost:3000
20240304	19:49:10	ea37ead7-3f87-464a-8f1a-74f8c732e692	GET	/posts	http://localhost:3000
20240304	19:49:11	31b70579-acd6-46bf-acba-dc152041c289	GET	/users	http://localhost:3000
20240304	19:49:12	19c6f301-55b5-4247-b591-5b25a00ce9f7	GET	/posts	http://localhost:3000
20240304	19:49:18	9f6b2e86-7d68-40b2-a319-70e1aa60acb6	POST	/auth/logout	http://localhost:3000
20240304	19:49:25	4d127fee-9ef9-43d8-93a9-82390555e92f	POST	/auth	http://localhost:3000
20240304	19:49:26	b3ee3c66-e66e-47b3-92d0-a98b79a94431	GET	/posts	http://localhost:3000
20240304	19:49:26	b4d25be1-b2bf-4b5a-9590-a9c6ec22780d	GET	/users	http://localhost:3000
20240304	19:49:58	d994be90-24ee-4490-9a22-2aa5e0be8313	GET	/posts	http://localhost:3000
20240304	19:50:29	c1a17655-e6b8-4094-8af1-54dd82017013	GET	/posts	http://localhost:3000
20240304	19:51:00	06803bc3-6ab4-4607-ab24-f900070f3fae	GET	/posts	http://localhost:3000
20240304	19:51:31	f78f42d2-35f0-4d26-b17d-ae3c1510829d	GET	/posts	http://localhost:3000
20240304	19:51:33	1c844ab5-ee98-4c15-8bd9-6cd80fe1c786	GET	/posts	http://localhost:3000
20240304	19:51:36	b7354514-3892-4ff0-b3e6-02c1dcedd8e0	POST	/auth/logout	http://localhost:3000
20240304	19:51:43	fd5431a6-eb24-4223-bcdc-ff52c1a19f4d	POST	/auth	http://localhost:3000
20240304	19:51:44	c70b55c3-dade-4899-9f56-fa05eb475ae4	GET	/posts	http://localhost:3000
20240304	19:51:44	3d384028-cf61-4be3-bd11-cde7e0aa139b	GET	/users	http://localhost:3000
20240304	19:51:47	1122a102-a8fc-4657-a25c-8a05bed1cf1f	GET	/posts	http://localhost:3000
20240304	19:52:09	b451211a-3fee-410c-9fd9-cbb6461a244f	GET	/posts	http://localhost:3000
20240304	19:52:40	371980bd-623d-4892-ba9f-b6f743000b33	GET	/posts	http://localhost:3000
20240304	19:53:11	c61af83f-d346-44ed-9592-2107f98ca7a1	GET	/posts	http://localhost:3000
20240304	19:53:42	0c1eb20c-7333-4cbe-87cf-2808db162524	GET	/posts	http://localhost:3000
20240304	19:53:49	3e5df89b-6951-4a18-b7e4-16627be56f14	GET	/posts	http://localhost:3000
20240304	19:54:02	06bc8ad1-173f-462c-b4e1-8397d93a9e9e	GET	/posts	http://localhost:3000
20240304	19:54:33	91919998-4923-4683-a09a-fba6f9447a23	GET	/posts	http://localhost:3000
20240304	19:54:52	461828b7-03ad-475e-beae-faed98f08995	GET	/posts	http://localhost:3000
20240304	19:54:55	3577638b-f1ca-41f4-8eec-33594d3a9aa3	GET	/posts	http://localhost:3000
20240304	19:55:03	f8d868a6-c70e-4837-9061-0c49006f57e2	GET	/posts	http://localhost:3000
20240304	19:55:11	2ff3a7b2-5f68-411b-98f7-1a5dab3c3dba	GET	/posts	http://localhost:3000
20240304	19:55:19	2d82fe98-7b3c-4ed4-bb9b-01a3a15d7c68	GET	/posts	http://localhost:3000
20240304	19:55:42	81e6222c-fb7c-49b5-8a42-56dfa76d2b8d	GET	/posts	http://localhost:3000
20240304	19:55:53	54c680e3-fc81-491c-821b-fd3bad5d8de3	GET	/posts	http://localhost:3000
20240304	19:56:24	76a9fdce-50e8-4e42-b648-93d4b8446d87	GET	/posts	http://localhost:3000
20240304	19:56:55	2030aaa4-0293-41af-8a3f-47c7b52dc2d4	GET	/posts	http://localhost:3000
20240304	19:57:26	7b71ed2e-4a37-4fcf-8d42-d61852d6cde4	GET	/posts	http://localhost:3000
20240304	19:57:57	c866fc53-0fa5-4987-9d44-93537a2c3ef5	GET	/posts	http://localhost:3000
20240304	19:58:28	57a9a4eb-0925-43fb-906c-6503781a5e02	GET	/posts	http://localhost:3000
20240304	19:58:59	2476f574-deb0-4d9c-be2c-598b86807570	GET	/posts	http://localhost:3000
20240304	19:59:30	55236ffa-8ed4-4b45-a85d-b00179df4f13	GET	/posts	http://localhost:3000
20240304	19:59:30	951a1489-0b30-4389-a197-3cf26ae9f493	GET	/posts	http://localhost:3000
20240304	19:59:33	c95dd77e-13e3-43f0-9795-c12b79925917	GET	/posts	http://localhost:3000
20240304	19:59:40	848b22b2-4578-4ade-b3d6-f3777b9b3e11	GET	/posts	http://localhost:3000
20240304	20:00:04	91e6c3cd-11f4-4f72-8015-b4824fc9ccbb	GET	/posts	http://localhost:3000
20240304	20:00:36	33c4507e-e26d-439d-8c05-023cf7bb6c1d	GET	/posts	http://localhost:3000
20240304	20:01:07	48c4b1b7-4ea6-48ef-af27-0fbe136a90b4	GET	/posts	http://localhost:3000
20240304	20:01:31	f87a1be4-5fdf-40f3-ad08-ccad9d3d130b	GET	/posts	http://localhost:3000
20240304	20:01:37	50827943-81a7-4e27-970f-0bac931586d7	PATCH	/posts	http://localhost:3000
20240304	20:01:37	fc6b6960-8e03-4981-9fb0-388734416d07	GET	/posts	http://localhost:3000
20240304	20:02:08	49017d9d-cc70-4844-a708-e6caddfb8f93	GET	/posts	http://localhost:3000
20240304	20:02:18	488fc4a4-df4b-4f10-b36c-c2a0316e58db	GET	/posts	http://localhost:3000
20240304	20:02:37	da88bea4-8546-45a0-8b0d-ed201502cfa9	GET	/posts	http://localhost:3000
20240304	20:02:42	6dd2ce84-fb94-4d8c-8277-f79fbbd6fc85	GET	/posts	http://localhost:3000
20240304	20:03:13	3ae46311-ead3-4794-97b8-fa582a1c4c89	GET	/posts	http://localhost:3000
20240304	20:03:44	37af23b6-b823-4fd2-8fed-89106d53b1b3	GET	/posts	http://localhost:3000
20240304	20:03:48	d3a89dde-17c3-4fda-8a0f-0f593783af42	GET	/posts	http://localhost:3000
20240304	20:03:50	3e2dce87-733e-4465-879d-5b635051b6c4	GET	/posts	http://localhost:3000
20240304	20:03:50	c93fa57f-60fd-4ce4-b314-28f54445e1f6	PATCH	/posts	http://localhost:3000
20240304	20:03:51	4a6171e1-3732-4aa7-995e-638bfacd0f5b	GET	/posts	http://localhost:3000
20240304	20:03:56	ccac0755-ad45-4254-ac94-d3ee2cf769aa	GET	/posts	http://localhost:3000
20240304	20:03:56	a9e40ac4-e93c-45cd-81eb-cb471cbfda53	PATCH	/posts	http://localhost:3000
20240304	20:03:57	63c23029-a245-472f-abbe-207d5398ae50	GET	/posts	http://localhost:3000
20240304	20:04:10	86732f75-0747-4cff-b124-50559e99306e	GET	/posts	http://localhost:3000
20240304	20:04:13	afb21ea8-04e8-4e52-bfce-2790768790c0	PATCH	/posts	http://localhost:3000
20240304	20:04:14	16da4bf9-db01-4e53-9af8-c29a9dca1f1b	GET	/posts	http://localhost:3000
20240304	20:04:18	6a50a8b2-93f5-4b17-8bc6-3f5dcf96afc1	GET	/posts	http://localhost:3000
20240304	20:04:49	1506bf2c-508e-46fc-a3fe-80f65d0d6614	GET	/posts	http://localhost:3000
20240304	20:05:20	97deb93a-e335-43e8-9c71-2f8e3564c518	GET	/posts	http://localhost:3000
20240304	21:31:10	93292002-3bc3-4647-9262-2070197ad4a0	POST	/auth	http://localhost:3000
20240304	21:31:10	5c453d8a-844e-4bef-a175-bac3be852a90	GET	/posts	http://localhost:3000
20240304	21:31:10	43f2515c-6639-4f91-8ea7-03b75c61031a	GET	/users	http://localhost:3000
20240304	21:31:18	f7ca7494-7298-4a97-b9d3-d05613e7c0b8	GET	/posts	http://localhost:3000
20240304	21:31:21	325b6c1a-a4fb-40a8-bb28-c7ddc3613137	PATCH	/posts	http://localhost:3000
20240304	21:31:22	9ee07ecd-b66b-4835-aa6c-bb22f0ffc463	GET	/posts	http://localhost:3000
20240304	21:31:53	20328ffc-c06a-4de4-ac89-30bfb858f334	GET	/posts	http://localhost:3000
20240304	21:32:24	03c95a9a-1754-4a17-8f00-554a1144f790	GET	/posts	http://localhost:3000
20240304	21:32:34	b30f9891-c0a6-4461-b30f-a6ff3e74e70f	GET	/posts	http://localhost:3000
20240304	21:32:35	a93f5edf-27c9-436f-958e-44346e760ab5	GET	/posts	http://localhost:3000
20240304	21:32:40	e0c8cc23-4b2d-4130-94b8-60343a06b3c2	PATCH	/posts	http://localhost:3000
20240304	21:32:40	164093aa-7773-4722-a04b-e2764e20ef99	GET	/posts	http://localhost:3000
20240304	21:33:11	89bd99c8-eca5-46bc-8557-01e4dab8a442	GET	/posts	http://localhost:3000
20240304	21:33:42	e4601b51-27ce-4405-a051-d7557aacd5cd	GET	/posts	http://localhost:3000
20240304	21:34:02	29559bd6-f1cc-4814-bf0b-bf8b6fa4939b	GET	/posts	http://localhost:3000
20240304	21:34:34	583cdee8-4e69-4c81-ad90-8ed21fec3821	GET	/posts	http://localhost:3000
20240304	21:34:37	36221dbd-7222-4d62-84d0-dd9b7ea426ea	GET	/posts	http://localhost:3000
20240304	21:34:44	581843d4-32e1-4aaf-8e74-5fcfddeb0a9d	PATCH	/posts	http://localhost:3000
20240304	21:34:44	71008b63-825d-4465-aa65-65666dafe907	GET	/posts	http://localhost:3000
20240304	21:35:11	11258612-a96f-4707-82f0-169b1f9d3f24	GET	/posts	http://localhost:3000
20240304	21:35:13	4ae98d4b-f3ff-42b6-ae5f-b922ecc95b69	GET	/posts	http://localhost:3000
20240304	21:35:44	63067b7f-34ab-4922-bb1e-f6238ba1d075	GET	/posts	http://localhost:3000
20240304	21:36:06	05d97a3d-3b93-4f51-92b7-3359fb59c164	GET	/posts	http://localhost:3000
20240304	21:36:37	5f7aa153-0bb2-453a-a8f8-acfb6c93f232	GET	/posts	http://localhost:3000
20240304	21:36:55	e1a08171-d651-472f-9212-ea1e8deb81e1	GET	/posts	http://localhost:3000
20240304	21:37:26	edcf0459-c00e-4e41-9e6c-28a23067e7ed	GET	/posts	http://localhost:3000
20240304	21:37:57	9b677420-a1c7-4cbe-85ef-b679723f80fe	GET	/posts	http://localhost:3000
20240304	21:38:28	0dbb8e0e-5493-4e21-96e6-2c0282672e83	GET	/posts	http://localhost:3000
20240304	21:38:59	450ff5b2-1e4b-438e-895c-6c2acdae6a3e	GET	/posts	http://localhost:3000
20240304	21:39:30	b6c0aa9b-9843-4c4c-ae01-0999cbbb6331	GET	/posts	http://localhost:3000
20240304	21:40:01	2c9b61fc-727a-4bda-a437-9716068a7a6b	GET	/posts	http://localhost:3000
20240304	21:40:32	20240d23-569d-4659-9975-27e0705d0e7c	GET	/posts	http://localhost:3000
20240304	21:41:03	5d133c2d-cef8-4faa-bbf1-4e88cb0c6ffe	GET	/posts	http://localhost:3000
20240304	21:41:34	a86580e6-6e78-49b0-afa0-7089297e2142	GET	/posts	http://localhost:3000
20240304	21:42:05	0d55d21b-95a9-4f3c-9ed8-8400d7866495	GET	/posts	http://localhost:3000
20240304	21:42:36	d0c661b5-3d88-4e44-bd73-91c5f976141b	GET	/posts	http://localhost:3000
20240304	21:43:07	0281c0fe-db1f-43d6-9685-204c16e4895d	GET	/posts	http://localhost:3000
20240304	21:43:15	fc442b09-198d-4f7e-9416-a7e4a12d5a8c	GET	/posts	http://localhost:3000
20240304	21:43:23	0b06c46a-0404-4a4d-a6ff-7c174948a7dd	GET	/posts	http://localhost:3000
20240304	21:43:43	59e543b7-69db-421e-83d8-31d1a139a075	GET	/posts	http://localhost:3000
20240304	21:43:57	09d3c4d7-e65e-4b1d-9457-7de8587186c1	GET	/posts	http://localhost:3000
20240304	21:43:59	b9cc06da-548a-4d7c-bcaa-929dcdae957c	GET	/posts	http://localhost:3000
20240304	21:44:03	7708793e-03b6-4b0e-a2a8-170a77ad0819	GET	/posts	http://localhost:3000
20240304	21:44:09	9d0943f7-1468-41d2-8f93-b6dc6aa8258f	GET	/posts	http://localhost:3000
20240304	21:44:40	1e119853-ba6b-4f7c-9a9d-88d762eafa6a	GET	/posts	http://localhost:3000
20240304	21:45:02	a154c12b-f1f9-4e0c-9773-d6fd58796fca	GET	/posts	http://localhost:3000
20240304	21:45:08	2ddf0f24-3ba9-4654-b195-977b49609f08	POST	/auth/logout	http://localhost:3000
20240304	21:45:16	1c9ea63c-4b8d-4908-a278-ffa0085baf57	POST	/auth	http://localhost:3000
20240304	21:45:16	47d43283-351f-4cf7-918c-ab17d40ab565	GET	/posts	http://localhost:3000
20240304	21:45:16	d941c971-7e73-4b93-be3a-9cb0ec653e3d	GET	/users	http://localhost:3000
20240304	21:45:24	2f5f2021-ca60-4b78-965d-63695ab718a1	PATCH	/posts	http://localhost:3000
20240304	21:45:24	aaa433a7-1cf8-4e27-963b-b6264351a3de	GET	/posts	http://localhost:3000
20240304	21:45:34	4694726a-a2f7-4897-a937-c78a1c4e0438	GET	/posts	http://localhost:3000
20240304	21:46:05	792f7944-2a9a-451e-97c4-2abf6939a016	GET	/posts	http://localhost:3000
20240304	21:46:36	343bda9e-c079-4a60-b4fd-bdbfc46bcd9e	GET	/posts	http://localhost:3000
20240304	21:47:07	fbc7217a-1dc5-4608-acfd-9c9d4816c199	GET	/posts	http://localhost:3000
20240304	21:47:38	5aa3ef6e-1ab9-4cd5-b9b6-deb1cf675b93	GET	/posts	http://localhost:3000
20240304	21:48:09	1467d252-8ec6-4b5c-b9b8-5d27e4854a7a	GET	/posts	http://localhost:3000
20240304	21:48:40	faf0dab6-e67e-4472-a6e0-df1937fbb1ab	GET	/posts	http://localhost:3000
20240304	21:49:01	6c32c8df-9d95-4999-a420-5c9ce04ae78f	GET	/posts	http://localhost:3000
20240304	21:49:06	22942c97-b326-48fc-96c9-28d1ba212232	GET	/posts	http://localhost:3000
20240304	21:49:12	1eeb9592-b41e-49e3-ab01-3916950b558f	PATCH	/posts	http://localhost:3000
20240304	21:49:12	98b6f075-ca67-4a96-87f9-6e4d6dc0e5f1	GET	/posts	http://localhost:3000
20240304	21:49:24	3e29e092-4c9a-4959-9c83-d43d7b0480e5	GET	/users	http://localhost:3000
20240304	21:49:25	0c4303af-3f4c-4435-a927-37de6dd2c14f	GET	/posts	http://localhost:3000
20240304	21:49:30	3f3dcc71-4bab-46fc-99d8-e45d7f626557	GET	/posts	http://localhost:3000
20240304	21:49:36	4c8efac0-6730-42a8-9673-3908f99376e4	GET	/posts	http://localhost:3000
20240304	21:49:38	cd6be92b-3597-40c2-84ce-4c82f15950e2	GET	/posts	http://localhost:3000
20240304	21:49:43	39f8a020-5b3d-4412-960b-8070572e92a0	GET	/users	http://localhost:3000
20240304	21:50:14	32f49eb4-5114-4af5-9f74-c7e115305810	GET	/users	http://localhost:3000
20240304	21:50:45	7651c7ca-3fed-42a2-ae01-764c12acd8ff	GET	/users	http://localhost:3000
20240304	21:51:08	9bac4358-9e55-4dcb-9b9c-f89ef538338f	GET	/users	http://localhost:3000
20240304	21:51:39	bd28b6b5-4497-4cf3-af39-1d517141eee9	GET	/users	http://localhost:3000
20240304	21:51:59	a5b039ff-78c3-4ba6-a2f9-2540ce61da87	GET	/users	http://localhost:3000
20240304	21:51:59	f1bfa781-218c-4063-80ce-0ed33805a29e	GET	/users	http://localhost:3000
20240304	21:52:04	74a5779a-766d-43bd-810c-42206dc08b3f	GET	/posts	http://localhost:3000
20240304	21:52:05	e6828841-186a-44d7-8092-a833cb0116c4	GET	/users	http://localhost:3000
20240304	21:52:07	e9fbe45a-af1a-466c-b5cd-4bee243ca42c	GET	/posts	http://localhost:3000
20240304	21:52:14	cd2a0a6c-f4fa-4f98-947f-d01ba16e2158	GET	/users	http://localhost:3000
20240304	21:52:17	92f1961d-498e-4183-afa8-f0fac712fa57	GET	/users	http://localhost:3000
20240304	21:52:36	742448f3-2bae-4a54-835d-0de4902639d4	GET	/users	http://localhost:3000
20240304	21:52:37	56b6d5c9-44d2-4f70-8200-25e373ebac51	GET	/users	http://localhost:3000
20240304	21:52:40	fac979ab-4f66-4c4a-bc92-e12f00f10165	GET	/posts	http://localhost:3000
20240304	21:52:59	265a72c3-4620-4221-947a-dc967f403d50	GET	/posts	http://localhost:3000
20240304	21:53:30	07751361-f3f0-483a-bfe5-3203e65f326a	GET	/posts	http://localhost:3000
20240304	21:53:59	87f0efb6-df1a-4c10-a4bc-049efd6db2ce	GET	/posts	http://localhost:3000
20240304	21:54:31	547e8f86-ebd9-4b04-bf6e-fc3c6c2e06d9	GET	/posts	http://localhost:3000
20240304	21:55:02	17088e7a-ac82-4f86-8c0d-f070bf680e88	GET	/posts	http://localhost:3000
20240304	21:55:33	dda748ac-ab0e-4e63-a9a8-bcb5a33abac8	GET	/posts	http://localhost:3000
20240304	21:55:59	7fe6af9d-9377-4d67-a6ce-7ce1e787c9c7	GET	/posts	http://localhost:3000
20240304	21:56:02	4a2185ea-c64f-432d-9edf-e5d17a56e69e	GET	/posts	http://localhost:3000
20240304	21:56:11	0519b3ae-7e28-4799-9d63-1b9ef54824ab	PATCH	/posts	http://localhost:3000
20240304	21:56:11	8d0d9565-f3a0-42bf-b08f-b8ffc9ff89cf	GET	/posts	http://localhost:3000
20240304	21:56:37	5d1b5e2f-3c1c-4c95-8802-bdf59397561f	GET	/posts	http://localhost:3000
20240304	21:57:08	92940f48-ce71-4315-bc64-588a5ea4f7f4	GET	/posts	http://localhost:3000
20240304	21:57:16	f9cfb1f3-61c0-4630-bdae-8c2f583598cc	GET	/posts	http://localhost:3000
20240304	21:57:17	d6725c68-17c1-4b8f-874c-7ab538da45b8	GET	/posts	http://localhost:3000
20240304	21:57:19	3cae06e5-67dc-49e0-bcda-84f5111fc9ac	POST	/auth/logout	http://localhost:3000
20240304	21:57:27	0aab02ab-c086-40e8-b1c3-7160a1022e66	POST	/auth	http://localhost:3000
20240304	21:57:28	d78b3dea-9caf-4050-8f0a-f95313d072b6	GET	/posts	http://localhost:3000
20240304	21:57:28	5710ef47-cee2-49f9-8f89-2333b5c8770a	GET	/users	http://localhost:3000
20240304	21:57:37	d9694c54-9c76-492d-b92d-1a8cd5ca6ba1	PATCH	/posts	http://localhost:3000
20240304	21:57:37	1ee09f63-9336-4992-9f37-ce089b28aff4	GET	/posts	http://localhost:3000
20240304	21:57:42	ca7eb382-c125-4589-8240-3a682d1c0439	PATCH	/posts	http://localhost:3000
20240304	21:57:43	1948c5e5-b8bf-42f5-90e6-2c851bc7dc1f	GET	/posts	http://localhost:3000
20240304	21:57:51	7f9c1a54-2b6e-471d-a906-dee91ef7ac0e	GET	/posts	http://localhost:3000
